#
# There is insufficient memory for the Java Runtime Environment to continue.
# Native memory allocation (malloc) failed to allocate 659312 bytes for Chunk::new
# Possible reasons:
#   The system is out of physical RAM or swap space
#   The process is running with CompressedOops enabled, and the Java Heap may be blocking the growth of the native heap
# Possible solutions:
#   Reduce memory load on the system
#   Increase physical memory or swap space
#   Check if swap backing store is full
#   Decrease Java heap size (-Xmx/-Xms)
#   Decrease number of Java threads
#   Decrease Java thread stack sizes (-Xss)
#   Set larger code cache with -XX:ReservedCodeCacheSize=
#   JVM is running with Zero Based Compressed Oops mode in which the Java heap is
#     placed in the first 32GB address space. The Java Heap base address is the
#     maximum limit for the native heap growth. Please use -XX:HeapBaseMinAddress
#     to set the Java Heap base and to place the Java Heap above 32GB virtual address.
# This output file may be truncated or incomplete.
#
#  Out of Memory Error (arena.cpp:168), pid=36056, tid=7516
#
# JRE version: Java(TM) SE Runtime Environment (21.0.11+9) (build 21.0.11+9-LTS-211)
# Java VM: Java HotSpot(TM) 64-Bit Server VM (21.0.11+9-LTS-211, mixed mode, sharing, tiered, compressed oops, compressed class ptrs, g1 gc, windows-amd64)
# No core dump will be written. Minidumps are not enabled by default on client versions of Windows
#

---------------  S U M M A R Y ------------

Command Line: --enable-native-access=ALL-UNNAMED -Dclassworlds.conf=C:\Program Files\Maven\apache-maven-3.9.15\bin\m2.conf -Dmaven.home=C:\Program Files\Maven\apache-maven-3.9.15 -Dlibrary.jansi.path=C:\Program Files\Maven\apache-maven-3.9.15\lib\jansi-native -Dmaven.multiModuleProjectDirectory=c:\CODE\retail-management-system org.codehaus.plexus.classworlds.launcher.Launcher -B -N -DgraphFormat=text -DshowDuplicates -DshowConflicts -DshowVersions -DshowGroupIds -DoutputDirectory=c:\Users\ADMIN\AppData\Roaming\Antigravity\User\workspaceStorage\bde2e350654fbbeda22271263d1e2a1c\vscjava.vscode-maven -DoutputFileName=d05c94bcfa92a7aa1b5565a9fc04602c.deps.txt com.github.ferstl:depgraph-maven-plugin:4.0.3:graph -f c:\CODE\retail-management-system\backend\pom.xml

Host: 12th Gen Intel(R) Core(TM) i7-12700H, 20 cores, 15G,  Windows 11 , 64 bit Build 26100 (10.0.26100.8328)
Time: Mon May 18 00:33:47 2026 SE Asia Standard Time elapsed time: 0.507215 seconds (0d 0h 0m 0s)

---------------  T H R E A D  ---------------

Current thread (0x000001fbed839c40):  JavaThread "C2 CompilerThread5" daemon [_thread_in_native, id=7516, stack(0x0000001f13800000,0x0000001f13900000) (1024K)]


Current CompileTask:
C2:    507 1215       4       java.io.Reader::read (21 bytes)

Stack: [0x0000001f13800000,0x0000001f13900000]
Native frames: (J=compiled Java code, j=interpreted, Vv=VM code, C=native code)
V  [jvm.dll+0x6d0ef9]
V  [jvm.dll+0x860126]
V  [jvm.dll+0x86261e]
V  [jvm.dll+0x862cf3]
V  [jvm.dll+0x282bc6]
V  [jvm.dll+0xc67ad]
V  [jvm.dll+0xc6cf1]
V  [jvm.dll+0x3bbeab]
V  [jvm.dll+0x388322]
V  [jvm.dll+0x38776a]
V  [jvm.dll+0x24b520]
V  [jvm.dll+0x24aaff]
V  [jvm.dll+0x1cae7e]
V  [jvm.dll+0x25a7d9]
V  [jvm.dll+0x258d65]
V  [jvm.dll+0x3f50d1]
V  [jvm.dll+0x80ac0d]
V  [jvm.dll+0x6cf79d]
C  [ucrtbase.dll+0x37b0]
C  [KERNEL32.DLL+0x2e957]
C  [ntdll.dll+0x427c]


---------------  P R O C E S S  ---------------

Threads class SMR info:
_java_thread_list=0x000001fbed2dba80, length=21, elements={
0x000001fb84d527a0, 0x000001fba6d6bbc0, 0x000001fba6d6c620, 0x000001fba6d6f090,
0x000001fba6d6faf0, 0x000001fba6d70680, 0x000001fba6d79350, 0x000001fba6d7c370,
0x000001fba72d2840, 0x000001fba73cad00, 0x000001fba74d54f0, 0x000001fba74d8140,
0x000001fba7962960, 0x000001fba799ce40, 0x000001fba795d120, 0x000001fba7a1b460,
0x000001fbed42eb30, 0x000001fbed47fd20, 0x000001fbed839c40, 0x000001fbed6d08c0,
0x000001fbed6cfb20
}

Java Threads: ( => current thread )
  0x000001fb84d527a0 JavaThread "main"                              [_thread_in_vm, id=17196, stack(0x0000001f11800000,0x0000001f11900000) (1024K)]
  0x000001fba6d6bbc0 JavaThread "Reference Handler"          daemon [_thread_blocked, id=37712, stack(0x0000001f12000000,0x0000001f12100000) (1024K)]
  0x000001fba6d6c620 JavaThread "Finalizer"                  daemon [_thread_blocked, id=40792, stack(0x0000001f12100000,0x0000001f12200000) (1024K)]
  0x000001fba6d6f090 JavaThread "Signal Dispatcher"          daemon [_thread_blocked, id=2772, stack(0x0000001f12200000,0x0000001f12300000) (1024K)]
  0x000001fba6d6faf0 JavaThread "Attach Listener"            daemon [_thread_blocked, id=6944, stack(0x0000001f12300000,0x0000001f12400000) (1024K)]
  0x000001fba6d70680 JavaThread "Service Thread"             daemon [_thread_blocked, id=34044, stack(0x0000001f12400000,0x0000001f12500000) (1024K)]
  0x000001fba6d79350 JavaThread "Monitor Deflation Thread"   daemon [_thread_blocked, id=31052, stack(0x0000001f12500000,0x0000001f12600000) (1024K)]
  0x000001fba6d7c370 JavaThread "C2 CompilerThread0"         daemon [_thread_in_native, id=42852, stack(0x0000001f12600000,0x0000001f12700000) (1024K)]
  0x000001fba72d2840 JavaThread "C1 CompilerThread0"         daemon [_thread_in_native, id=17504, stack(0x0000001f12700000,0x0000001f12800000) (1024K)]
  0x000001fba73cad00 JavaThread "C1 CompilerThread1"         daemon [_thread_blocked, id=33608, stack(0x0000001f12800000,0x0000001f12900000) (1024K)]
  0x000001fba74d54f0 JavaThread "Notification Thread"        daemon [_thread_blocked, id=34008, stack(0x0000001f12900000,0x0000001f12a00000) (1024K)]
  0x000001fba74d8140 JavaThread "Common-Cleaner"             daemon [_thread_blocked, id=19504, stack(0x0000001f12a00000,0x0000001f12b00000) (1024K)]
  0x000001fba7962960 JavaThread "C1 CompilerThread2"         daemon [_thread_blocked, id=41144, stack(0x0000001f12b00000,0x0000001f12c00000) (1024K)]
  0x000001fba799ce40 JavaThread "C1 CompilerThread3"         daemon [_thread_blocked, id=1856, stack(0x0000001f12c00000,0x0000001f12d00000) (1024K)]
  0x000001fba795d120 JavaThread "C2 CompilerThread1"         daemon [_thread_in_native, id=34036, stack(0x0000001f12d00000,0x0000001f12e00000) (1024K)]
  0x000001fba7a1b460 JavaThread "C2 CompilerThread2"         daemon [_thread_in_native, id=34432, stack(0x0000001f12e00000,0x0000001f12f00000) (1024K)]
  0x000001fbed42eb30 JavaThread "C2 CompilerThread3"         daemon [_thread_in_native, id=10100, stack(0x0000001f13600000,0x0000001f13700000) (1024K)]
  0x000001fbed47fd20 JavaThread "C2 CompilerThread4"         daemon [_thread_in_native, id=13436, stack(0x0000001f13700000,0x0000001f13800000) (1024K)]
=>0x000001fbed839c40 JavaThread "C2 CompilerThread5"         daemon [_thread_in_native, id=7516, stack(0x0000001f13800000,0x0000001f13900000) (1024K)]
  0x000001fbed6d08c0 JavaThread "C2 CompilerThread6"         daemon [_thread_in_native, id=9444, stack(0x0000001f13900000,0x0000001f13a00000) (1024K)]
  0x000001fbed6cfb20 JavaThread "C2 CompilerThread7"         daemon [_thread_in_native, id=12400, stack(0x0000001f13a00000,0x0000001f13b00000) (1024K)]
Total: 21

Other Threads:
  0x000001fba6d4c280 VMThread "VM Thread"                           [id=11292, stack(0x0000001f11f00000,0x0000001f12000000) (1024K)]
  0x000001fba6d369b0 WatcherThread "VM Periodic Task Thread"        [id=31512, stack(0x0000001f11e00000,0x0000001f11f00000) (1024K)]
  0x000001fb87184590 WorkerThread "GC Thread#0"                     [id=41832, stack(0x0000001f11900000,0x0000001f11a00000) (1024K)]
  0x000001fbed300920 WorkerThread "GC Thread#1"                     [id=27228, stack(0x0000001f12f00000,0x0000001f13000000) (1024K)]
  0x000001fbed3014e0 WorkerThread "GC Thread#2"                     [id=10348, stack(0x0000001f13000000,0x0000001f13100000) (1024K)]
  0x000001fbed301c90 WorkerThread "GC Thread#3"                     [id=20720, stack(0x0000001f13100000,0x0000001f13200000) (1024K)]
  0x000001fbed419170 WorkerThread "GC Thread#4"                     [id=16392, stack(0x0000001f13200000,0x0000001f13300000) (1024K)]
  0x000001fbed429b40 WorkerThread "GC Thread#5"                     [id=24464, stack(0x0000001f13300000,0x0000001f13400000) (1024K)]
  0x000001fbed492920 WorkerThread "GC Thread#6"                     [id=21084, stack(0x0000001f13400000,0x0000001f13500000) (1024K)]
  0x000001fbed492cd0 WorkerThread "GC Thread#7"                     [id=13004, stack(0x0000001f13500000,0x0000001f13600000) (1024K)]
  0x000001fb871956b0 ConcurrentGCThread "G1 Main Marker"            [id=33740, stack(0x0000001f11a00000,0x0000001f11b00000) (1024K)]
  0x000001fb87196f50 WorkerThread "G1 Conc#0"                       [id=37056, stack(0x0000001f11b00000,0x0000001f11c00000) (1024K)]
  0x000001fba6c0ae60 ConcurrentGCThread "G1 Refine#0"               [id=42976, stack(0x0000001f11c00000,0x0000001f11d00000) (1024K)]
  0x000001fba6c0b7f0 ConcurrentGCThread "G1 Service"                [id=24756, stack(0x0000001f11d00000,0x0000001f11e00000) (1024K)]
Total: 14

Threads with active compile tasks:
C2 CompilerThread0      531 1216       4       java.io.InputStreamReader::read (11 bytes)
C2 CompilerThread1      532 1210   !   4       sun.nio.cs.StreamDecoder::read (78 bytes)
C2 CompilerThread2      532 1211       4       sun.nio.cs.StreamDecoder::lockedRead (189 bytes)
C2 CompilerThread3      532 1217       4       org.codehaus.plexus.util.xml.XmlReader::read (11 bytes)
C2 CompilerThread4      532 1236   !   4       sun.nio.cs.StreamDecoder::read0 (59 bytes)
C2 CompilerThread5      532 1215       4       java.io.Reader::read (21 bytes)
C2 CompilerThread6      532 1250       4       sun.nio.cs.StreamDecoder::lockedRead0 (95 bytes)
C2 CompilerThread7      532 1218       4       org.codehaus.plexus.util.InterpolationFilterReader::read (477 bytes)
Total: 8

VM state: not at safepoint (normal execution)

VM Mutex/Monitor currently owned by a thread: None

Heap address: 0x0000000705e00000, size: 4002 MB, Compressed Oops mode: Zero based, Oop shift amount: 3

CDS archive(s) mapped at: [0x000001fba8000000-0x000001fba8c90000-0x000001fba8c90000), size 13172736, SharedBaseAddress: 0x000001fba8000000, ArchiveRelocationMode: 1.
Compressed class space mapped at: 0x000001fba9000000-0x000001fbe9000000, reserved size: 1073741824
Narrow klass base: 0x000001fba8000000, Narrow klass shift: 0, Narrow klass range: 0x100000000

GC Precious Log:
 CardTable entry size: 512
 Card Set container configuration: InlinePtr #cards 4 size 8 Array Of Cards #cards 16 size 48 Howl #buckets 8 coarsen threshold 3686 Howl Bitmap #cards 512 size 80 coarsen threshold 460 Card regions per heap region 1 cards per card region 4096
 CPUs: 20 total, 20 available
 Memory: 16005M
 Large Page Support: Disabled
 NUMA Support: Disabled
 Compressed Oops: Enabled (Zero based)
 Heap Region Size: 2M
 Heap Min Capacity: 8M
 Heap Initial Capacity: 252M
 Heap Max Capacity: 4002M
 Pre-touch: Disabled
 Parallel Workers: 15
 Concurrent Workers: 4
 Concurrent Refinement Workers: 15
 Periodic GC: Disabled

Heap:
 garbage-first heap   total 258048K, used 10068K [0x0000000705e00000, 0x0000000800000000)
  region size 2048K, 6 young (12288K), 2 survivors (4096K)
 Metaspace       used 5994K, committed 6208K, reserved 1114112K
  class space    used 688K, committed 768K, reserved 1048576K

Heap Regions: E=young(eden), S=young(survivor), O=old, HS=humongous(starts), HC=humongous(continues), CS=collection set, F=free, TAMS=top-at-mark-start, PB=parsable bottom
|   0|0x0000000705e00000, 0x0000000705e00000, 0x0000000706000000|  0%| F|  |TAMS 0x0000000705e00000| PB 0x0000000705e00000| Untracked 
|   1|0x0000000706000000, 0x0000000706000000, 0x0000000706200000|  0%| F|  |TAMS 0x0000000706000000| PB 0x0000000706000000| Untracked 
|   2|0x0000000706200000, 0x0000000706200000, 0x0000000706400000|  0%| F|  |TAMS 0x0000000706200000| PB 0x0000000706200000| Untracked 
|   3|0x0000000706400000, 0x0000000706400000, 0x0000000706600000|  0%| F|  |TAMS 0x0000000706400000| PB 0x0000000706400000| Untracked 
|   4|0x0000000706600000, 0x0000000706600000, 0x0000000706800000|  0%| F|  |TAMS 0x0000000706600000| PB 0x0000000706600000| Untracked 
|   5|0x0000000706800000, 0x0000000706800000, 0x0000000706a00000|  0%| F|  |TAMS 0x0000000706800000| PB 0x0000000706800000| Untracked 
|   6|0x0000000706a00000, 0x0000000706a00000, 0x0000000706c00000|  0%| F|  |TAMS 0x0000000706a00000| PB 0x0000000706a00000| Untracked 
|   7|0x0000000706c00000, 0x0000000706c00000, 0x0000000706e00000|  0%| F|  |TAMS 0x0000000706c00000| PB 0x0000000706c00000| Untracked 
|   8|0x0000000706e00000, 0x0000000706e00000, 0x0000000707000000|  0%| F|  |TAMS 0x0000000706e00000| PB 0x0000000706e00000| Untracked 
|   9|0x0000000707000000, 0x0000000707000000, 0x0000000707200000|  0%| F|  |TAMS 0x0000000707000000| PB 0x0000000707000000| Untracked 
|  10|0x0000000707200000, 0x0000000707200000, 0x0000000707400000|  0%| F|  |TAMS 0x0000000707200000| PB 0x0000000707200000| Untracked 
|  11|0x0000000707400000, 0x0000000707400000, 0x0000000707600000|  0%| F|  |TAMS 0x0000000707400000| PB 0x0000000707400000| Untracked 
|  12|0x0000000707600000, 0x0000000707600000, 0x0000000707800000|  0%| F|  |TAMS 0x0000000707600000| PB 0x0000000707600000| Untracked 
|  13|0x0000000707800000, 0x0000000707800000, 0x0000000707a00000|  0%| F|  |TAMS 0x0000000707800000| PB 0x0000000707800000| Untracked 
|  14|0x0000000707a00000, 0x0000000707a00000, 0x0000000707c00000|  0%| F|  |TAMS 0x0000000707a00000| PB 0x0000000707a00000| Untracked 
|  15|0x0000000707c00000, 0x0000000707c00000, 0x0000000707e00000|  0%| F|  |TAMS 0x0000000707c00000| PB 0x0000000707c00000| Untracked 
|  16|0x0000000707e00000, 0x0000000707e00000, 0x0000000708000000|  0%| F|  |TAMS 0x0000000707e00000| PB 0x0000000707e00000| Untracked 
|  17|0x0000000708000000, 0x0000000708000000, 0x0000000708200000|  0%| F|  |TAMS 0x0000000708000000| PB 0x0000000708000000| Untracked 
|  18|0x0000000708200000, 0x0000000708200000, 0x0000000708400000|  0%| F|  |TAMS 0x0000000708200000| PB 0x0000000708200000| Untracked 
|  19|0x0000000708400000, 0x0000000708400000, 0x0000000708600000|  0%| F|  |TAMS 0x0000000708400000| PB 0x0000000708400000| Untracked 
|  20|0x0000000708600000, 0x0000000708600000, 0x0000000708800000|  0%| F|  |TAMS 0x0000000708600000| PB 0x0000000708600000| Untracked 
|  21|0x0000000708800000, 0x0000000708800000, 0x0000000708a00000|  0%| F|  |TAMS 0x0000000708800000| PB 0x0000000708800000| Untracked 
|  22|0x0000000708a00000, 0x0000000708a00000, 0x0000000708c00000|  0%| F|  |TAMS 0x0000000708a00000| PB 0x0000000708a00000| Untracked 
|  23|0x0000000708c00000, 0x0000000708c00000, 0x0000000708e00000|  0%| F|  |TAMS 0x0000000708c00000| PB 0x0000000708c00000| Untracked 
|  24|0x0000000708e00000, 0x0000000708e00000, 0x0000000709000000|  0%| F|  |TAMS 0x0000000708e00000| PB 0x0000000708e00000| Untracked 
|  25|0x0000000709000000, 0x0000000709000000, 0x0000000709200000|  0%| F|  |TAMS 0x0000000709000000| PB 0x0000000709000000| Untracked 
|  26|0x0000000709200000, 0x0000000709200000, 0x0000000709400000|  0%| F|  |TAMS 0x0000000709200000| PB 0x0000000709200000| Untracked 
|  27|0x0000000709400000, 0x0000000709400000, 0x0000000709600000|  0%| F|  |TAMS 0x0000000709400000| PB 0x0000000709400000| Untracked 
|  28|0x0000000709600000, 0x0000000709600000, 0x0000000709800000|  0%| F|  |TAMS 0x0000000709600000| PB 0x0000000709600000| Untracked 
|  29|0x0000000709800000, 0x0000000709800000, 0x0000000709a00000|  0%| F|  |TAMS 0x0000000709800000| PB 0x0000000709800000| Untracked 
|  30|0x0000000709a00000, 0x0000000709a00000, 0x0000000709c00000|  0%| F|  |TAMS 0x0000000709a00000| PB 0x0000000709a00000| Untracked 
|  31|0x0000000709c00000, 0x0000000709c00000, 0x0000000709e00000|  0%| F|  |TAMS 0x0000000709c00000| PB 0x0000000709c00000| Untracked 
|  32|0x0000000709e00000, 0x0000000709e00000, 0x000000070a000000|  0%| F|  |TAMS 0x0000000709e00000| PB 0x0000000709e00000| Untracked 
|  33|0x000000070a000000, 0x000000070a000000, 0x000000070a200000|  0%| F|  |TAMS 0x000000070a000000| PB 0x000000070a000000| Untracked 
|  34|0x000000070a200000, 0x000000070a200000, 0x000000070a400000|  0%| F|  |TAMS 0x000000070a200000| PB 0x000000070a200000| Untracked 
|  35|0x000000070a400000, 0x000000070a400000, 0x000000070a600000|  0%| F|  |TAMS 0x000000070a400000| PB 0x000000070a400000| Untracked 
|  36|0x000000070a600000, 0x000000070a600000, 0x000000070a800000|  0%| F|  |TAMS 0x000000070a600000| PB 0x000000070a600000| Untracked 
|  37|0x000000070a800000, 0x000000070a800000, 0x000000070aa00000|  0%| F|  |TAMS 0x000000070a800000| PB 0x000000070a800000| Untracked 
|  38|0x000000070aa00000, 0x000000070aa00000, 0x000000070ac00000|  0%| F|  |TAMS 0x000000070aa00000| PB 0x000000070aa00000| Untracked 
|  39|0x000000070ac00000, 0x000000070ac00000, 0x000000070ae00000|  0%| F|  |TAMS 0x000000070ac00000| PB 0x000000070ac00000| Untracked 
|  40|0x000000070ae00000, 0x000000070ae00000, 0x000000070b000000|  0%| F|  |TAMS 0x000000070ae00000| PB 0x000000070ae00000| Untracked 
|  41|0x000000070b000000, 0x000000070b000000, 0x000000070b200000|  0%| F|  |TAMS 0x000000070b000000| PB 0x000000070b000000| Untracked 
|  42|0x000000070b200000, 0x000000070b200000, 0x000000070b400000|  0%| F|  |TAMS 0x000000070b200000| PB 0x000000070b200000| Untracked 
|  43|0x000000070b400000, 0x000000070b400000, 0x000000070b600000|  0%| F|  |TAMS 0x000000070b400000| PB 0x000000070b400000| Untracked 
|  44|0x000000070b600000, 0x000000070b600000, 0x000000070b800000|  0%| F|  |TAMS 0x000000070b600000| PB 0x000000070b600000| Untracked 
|  45|0x000000070b800000, 0x000000070b800000, 0x000000070ba00000|  0%| F|  |TAMS 0x000000070b800000| PB 0x000000070b800000| Untracked 
|  46|0x000000070ba00000, 0x000000070ba00000, 0x000000070bc00000|  0%| F|  |TAMS 0x000000070ba00000| PB 0x000000070ba00000| Untracked 
|  47|0x000000070bc00000, 0x000000070bc00000, 0x000000070be00000|  0%| F|  |TAMS 0x000000070bc00000| PB 0x000000070bc00000| Untracked 
|  48|0x000000070be00000, 0x000000070be00000, 0x000000070c000000|  0%| F|  |TAMS 0x000000070be00000| PB 0x000000070be00000| Untracked 
|  49|0x000000070c000000, 0x000000070c000000, 0x000000070c200000|  0%| F|  |TAMS 0x000000070c000000| PB 0x000000070c000000| Untracked 
|  50|0x000000070c200000, 0x000000070c200000, 0x000000070c400000|  0%| F|  |TAMS 0x000000070c200000| PB 0x000000070c200000| Untracked 
|  51|0x000000070c400000, 0x000000070c400000, 0x000000070c600000|  0%| F|  |TAMS 0x000000070c400000| PB 0x000000070c400000| Untracked 
|  52|0x000000070c600000, 0x000000070c600000, 0x000000070c800000|  0%| F|  |TAMS 0x000000070c600000| PB 0x000000070c600000| Untracked 
|  53|0x000000070c800000, 0x000000070c800000, 0x000000070ca00000|  0%| F|  |TAMS 0x000000070c800000| PB 0x000000070c800000| Untracked 
|  54|0x000000070ca00000, 0x000000070ca00000, 0x000000070cc00000|  0%| F|  |TAMS 0x000000070ca00000| PB 0x000000070ca00000| Untracked 
|  55|0x000000070cc00000, 0x000000070cc00000, 0x000000070ce00000|  0%| F|  |TAMS 0x000000070cc00000| PB 0x000000070cc00000| Untracked 
|  56|0x000000070ce00000, 0x000000070ce00000, 0x000000070d000000|  0%| F|  |TAMS 0x000000070ce00000| PB 0x000000070ce00000| Untracked 
|  57|0x000000070d000000, 0x000000070d000000, 0x000000070d200000|  0%| F|  |TAMS 0x000000070d000000| PB 0x000000070d000000| Untracked 
|  58|0x000000070d200000, 0x000000070d200000, 0x000000070d400000|  0%| F|  |TAMS 0x000000070d200000| PB 0x000000070d200000| Untracked 
|  59|0x000000070d400000, 0x000000070d400000, 0x000000070d600000|  0%| F|  |TAMS 0x000000070d400000| PB 0x000000070d400000| Untracked 
|  60|0x000000070d600000, 0x000000070d600000, 0x000000070d800000|  0%| F|  |TAMS 0x000000070d600000| PB 0x000000070d600000| Untracked 
|  61|0x000000070d800000, 0x000000070d800000, 0x000000070da00000|  0%| F|  |TAMS 0x000000070d800000| PB 0x000000070d800000| Untracked 
|  62|0x000000070da00000, 0x000000070da00000, 0x000000070dc00000|  0%| F|  |TAMS 0x000000070da00000| PB 0x000000070da00000| Untracked 
|  63|0x000000070dc00000, 0x000000070dc00000, 0x000000070de00000|  0%| F|  |TAMS 0x000000070dc00000| PB 0x000000070dc00000| Untracked 
|  64|0x000000070de00000, 0x000000070de00000, 0x000000070e000000|  0%| F|  |TAMS 0x000000070de00000| PB 0x000000070de00000| Untracked 
|  65|0x000000070e000000, 0x000000070e000000, 0x000000070e200000|  0%| F|  |TAMS 0x000000070e000000| PB 0x000000070e000000| Untracked 
|  66|0x000000070e200000, 0x000000070e200000, 0x000000070e400000|  0%| F|  |TAMS 0x000000070e200000| PB 0x000000070e200000| Untracked 
|  67|0x000000070e400000, 0x000000070e400000, 0x000000070e600000|  0%| F|  |TAMS 0x000000070e400000| PB 0x000000070e400000| Untracked 
|  68|0x000000070e600000, 0x000000070e600000, 0x000000070e800000|  0%| F|  |TAMS 0x000000070e600000| PB 0x000000070e600000| Untracked 
|  69|0x000000070e800000, 0x000000070e800000, 0x000000070ea00000|  0%| F|  |TAMS 0x000000070e800000| PB 0x000000070e800000| Untracked 
|  70|0x000000070ea00000, 0x000000070ea00000, 0x000000070ec00000|  0%| F|  |TAMS 0x000000070ea00000| PB 0x000000070ea00000| Untracked 
|  71|0x000000070ec00000, 0x000000070ec00000, 0x000000070ee00000|  0%| F|  |TAMS 0x000000070ec00000| PB 0x000000070ec00000| Untracked 
|  72|0x000000070ee00000, 0x000000070ee00000, 0x000000070f000000|  0%| F|  |TAMS 0x000000070ee00000| PB 0x000000070ee00000| Untracked 
|  73|0x000000070f000000, 0x000000070f000000, 0x000000070f200000|  0%| F|  |TAMS 0x000000070f000000| PB 0x000000070f000000| Untracked 
|  74|0x000000070f200000, 0x000000070f200000, 0x000000070f400000|  0%| F|  |TAMS 0x000000070f200000| PB 0x000000070f200000| Untracked 
|  75|0x000000070f400000, 0x000000070f400000, 0x000000070f600000|  0%| F|  |TAMS 0x000000070f400000| PB 0x000000070f400000| Untracked 
|  76|0x000000070f600000, 0x000000070f600000, 0x000000070f800000|  0%| F|  |TAMS 0x000000070f600000| PB 0x000000070f600000| Untracked 
|  77|0x000000070f800000, 0x000000070f800000, 0x000000070fa00000|  0%| F|  |TAMS 0x000000070f800000| PB 0x000000070f800000| Untracked 
|  78|0x000000070fa00000, 0x000000070fa00000, 0x000000070fc00000|  0%| F|  |TAMS 0x000000070fa00000| PB 0x000000070fa00000| Untracked 
|  79|0x000000070fc00000, 0x000000070fc00000, 0x000000070fe00000|  0%| F|  |TAMS 0x000000070fc00000| PB 0x000000070fc00000| Untracked 
|  80|0x000000070fe00000, 0x000000070fe00000, 0x0000000710000000|  0%| F|  |TAMS 0x000000070fe00000| PB 0x000000070fe00000| Untracked 
|  81|0x0000000710000000, 0x0000000710000000, 0x0000000710200000|  0%| F|  |TAMS 0x0000000710000000| PB 0x0000000710000000| Untracked 
|  82|0x0000000710200000, 0x0000000710200000, 0x0000000710400000|  0%| F|  |TAMS 0x0000000710200000| PB 0x0000000710200000| Untracked 
|  83|0x0000000710400000, 0x0000000710400000, 0x0000000710600000|  0%| F|  |TAMS 0x0000000710400000| PB 0x0000000710400000| Untracked 
|  84|0x0000000710600000, 0x0000000710600000, 0x0000000710800000|  0%| F|  |TAMS 0x0000000710600000| PB 0x0000000710600000| Untracked 
|  85|0x0000000710800000, 0x0000000710800000, 0x0000000710a00000|  0%| F|  |TAMS 0x0000000710800000| PB 0x0000000710800000| Untracked 
|  86|0x0000000710a00000, 0x0000000710a00000, 0x0000000710c00000|  0%| F|  |TAMS 0x0000000710a00000| PB 0x0000000710a00000| Untracked 
|  87|0x0000000710c00000, 0x0000000710c00000, 0x0000000710e00000|  0%| F|  |TAMS 0x0000000710c00000| PB 0x0000000710c00000| Untracked 
|  88|0x0000000710e00000, 0x0000000710e00000, 0x0000000711000000|  0%| F|  |TAMS 0x0000000710e00000| PB 0x0000000710e00000| Untracked 
|  89|0x0000000711000000, 0x0000000711000000, 0x0000000711200000|  0%| F|  |TAMS 0x0000000711000000| PB 0x0000000711000000| Untracked 
|  90|0x0000000711200000, 0x0000000711200000, 0x0000000711400000|  0%| F|  |TAMS 0x0000000711200000| PB 0x0000000711200000| Untracked 
|  91|0x0000000711400000, 0x0000000711400000, 0x0000000711600000|  0%| F|  |TAMS 0x0000000711400000| PB 0x0000000711400000| Untracked 
|  92|0x0000000711600000, 0x0000000711600000, 0x0000000711800000|  0%| F|  |TAMS 0x0000000711600000| PB 0x0000000711600000| Untracked 
|  93|0x0000000711800000, 0x0000000711800000, 0x0000000711a00000|  0%| F|  |TAMS 0x0000000711800000| PB 0x0000000711800000| Untracked 
|  94|0x0000000711a00000, 0x0000000711a00000, 0x0000000711c00000|  0%| F|  |TAMS 0x0000000711a00000| PB 0x0000000711a00000| Untracked 
|  95|0x0000000711c00000, 0x0000000711c00000, 0x0000000711e00000|  0%| F|  |TAMS 0x0000000711c00000| PB 0x0000000711c00000| Untracked 
|  96|0x0000000711e00000, 0x0000000711e00000, 0x0000000712000000|  0%| F|  |TAMS 0x0000000711e00000| PB 0x0000000711e00000| Untracked 
|  97|0x0000000712000000, 0x0000000712000000, 0x0000000712200000|  0%| F|  |TAMS 0x0000000712000000| PB 0x0000000712000000| Untracked 
|  98|0x0000000712200000, 0x0000000712200000, 0x0000000712400000|  0%| F|  |TAMS 0x0000000712200000| PB 0x0000000712200000| Untracked 
|  99|0x0000000712400000, 0x0000000712400000, 0x0000000712600000|  0%| F|  |TAMS 0x0000000712400000| PB 0x0000000712400000| Untracked 
| 100|0x0000000712600000, 0x0000000712600000, 0x0000000712800000|  0%| F|  |TAMS 0x0000000712600000| PB 0x0000000712600000| Untracked 
| 101|0x0000000712800000, 0x0000000712800000, 0x0000000712a00000|  0%| F|  |TAMS 0x0000000712800000| PB 0x0000000712800000| Untracked 
| 102|0x0000000712a00000, 0x0000000712a00000, 0x0000000712c00000|  0%| F|  |TAMS 0x0000000712a00000| PB 0x0000000712a00000| Untracked 
| 103|0x0000000712c00000, 0x0000000712c00000, 0x0000000712e00000|  0%| F|  |TAMS 0x0000000712c00000| PB 0x0000000712c00000| Untracked 
| 104|0x0000000712e00000, 0x0000000712e00000, 0x0000000713000000|  0%| F|  |TAMS 0x0000000712e00000| PB 0x0000000712e00000| Untracked 
| 105|0x0000000713000000, 0x0000000713000000, 0x0000000713200000|  0%| F|  |TAMS 0x0000000713000000| PB 0x0000000713000000| Untracked 
| 106|0x0000000713200000, 0x0000000713200000, 0x0000000713400000|  0%| F|  |TAMS 0x0000000713200000| PB 0x0000000713200000| Untracked 
| 107|0x0000000713400000, 0x0000000713400000, 0x0000000713600000|  0%| F|  |TAMS 0x0000000713400000| PB 0x0000000713400000| Untracked 
| 108|0x0000000713600000, 0x0000000713600000, 0x0000000713800000|  0%| F|  |TAMS 0x0000000713600000| PB 0x0000000713600000| Untracked 
| 109|0x0000000713800000, 0x0000000713800000, 0x0000000713a00000|  0%| F|  |TAMS 0x0000000713800000| PB 0x0000000713800000| Untracked 
| 110|0x0000000713a00000, 0x0000000713a00000, 0x0000000713c00000|  0%| F|  |TAMS 0x0000000713a00000| PB 0x0000000713a00000| Untracked 
| 111|0x0000000713c00000, 0x0000000713c00000, 0x0000000713e00000|  0%| F|  |TAMS 0x0000000713c00000| PB 0x0000000713c00000| Untracked 
| 112|0x0000000713e00000, 0x0000000713e00000, 0x0000000714000000|  0%| F|  |TAMS 0x0000000713e00000| PB 0x0000000713e00000| Untracked 
| 113|0x0000000714000000, 0x00000007141d5278, 0x0000000714200000| 91%| S|CS|TAMS 0x0000000714000000| PB 0x0000000714000000| Complete 
| 114|0x0000000714200000, 0x0000000714400000, 0x0000000714400000|100%| S|CS|TAMS 0x0000000714200000| PB 0x0000000714200000| Complete 
| 115|0x0000000714400000, 0x0000000714400000, 0x0000000714600000|  0%| F|  |TAMS 0x0000000714400000| PB 0x0000000714400000| Untracked 
| 116|0x0000000714600000, 0x0000000714600000, 0x0000000714800000|  0%| F|  |TAMS 0x0000000714600000| PB 0x0000000714600000| Untracked 
| 117|0x0000000714800000, 0x0000000714800000, 0x0000000714a00000|  0%| F|  |TAMS 0x0000000714800000| PB 0x0000000714800000| Untracked 
| 118|0x0000000714a00000, 0x0000000714a00000, 0x0000000714c00000|  0%| F|  |TAMS 0x0000000714a00000| PB 0x0000000714a00000| Untracked 
| 119|0x0000000714c00000, 0x0000000714c00000, 0x0000000714e00000|  0%| F|  |TAMS 0x0000000714c00000| PB 0x0000000714c00000| Untracked 
| 120|0x0000000714e00000, 0x0000000714e00000, 0x0000000715000000|  0%| F|  |TAMS 0x0000000714e00000| PB 0x0000000714e00000| Untracked 
| 121|0x0000000715000000, 0x0000000715000000, 0x0000000715200000|  0%| F|  |TAMS 0x0000000715000000| PB 0x0000000715000000| Untracked 
| 122|0x0000000715200000, 0x00000007153e68c8, 0x0000000715400000| 95%| E|  |TAMS 0x0000000715200000| PB 0x0000000715200000| Complete 
| 123|0x0000000715400000, 0x0000000715600000, 0x0000000715600000|100%| E|CS|TAMS 0x0000000715400000| PB 0x0000000715400000| Complete 
| 124|0x0000000715600000, 0x0000000715800000, 0x0000000715800000|100%| E|CS|TAMS 0x0000000715600000| PB 0x0000000715600000| Complete 
| 125|0x0000000715800000, 0x0000000715a00000, 0x0000000715a00000|100%| E|CS|TAMS 0x0000000715800000| PB 0x0000000715800000| Complete 

Card table byte_map: [0x000001fb9f850000,0x000001fba0030000] _byte_map_base: 0x000001fb9c021000

Marking Bits: (CMBitMap*) 0x000001fb871853c0
 Bits: [0x000001fba0030000, 0x000001fba3eb8000)

Polling page: 0x000001fb852e0000

Metaspace:

Usage:
  Non-class:      5.19 MB used.
      Class:    688.66 KB used.
       Both:      5.87 MB used.

Virtual space:
  Non-class space:       64.00 MB reserved,       5.31 MB (  8%) committed,  1 nodes.
      Class space:        1.00 GB reserved,     768.00 KB ( <1%) committed,  1 nodes.
             Both:        1.06 GB reserved,       6.06 MB ( <1%) committed. 

Chunk freelists:
   Non-Class:  8.97 MB
       Class:  15.25 MB
        Both:  24.22 MB

MaxMetaspaceSize: unlimited
CompressedClassSpaceSize: 1.00 GB
Initial GC threshold: 21.00 MB
Current GC threshold: 21.00 MB
CDS: on
 - commit_granule_bytes: 65536.
 - commit_granule_words: 8192.
 - virtual_space_node_default_size: 8388608.
 - enlarge_chunks_in_place: 1.
 - use_allocation_guard: 0.


Internal statistics:

num_allocs_failed_limit: 0.
num_arena_births: 60.
num_arena_deaths: 0.
num_vsnodes_births: 2.
num_vsnodes_deaths: 0.
num_space_committed: 97.
num_space_uncommitted: 0.
num_chunks_returned_to_freelist: 0.
num_chunks_taken_from_freelist: 237.
num_chunk_merges: 0.
num_chunk_splits: 149.
num_chunks_enlarged: 121.
num_inconsistent_stats: 0.

CodeHeap 'non-profiled nmethods': size=119168Kb used=502Kb max_used=502Kb free=118665Kb
 bounds [0x000001fb97170000, 0x000001fb973e0000, 0x000001fb9e5d0000]
CodeHeap 'profiled nmethods': size=119104Kb used=2664Kb max_used=2664Kb free=116439Kb
 bounds [0x000001fb8f5d0000, 0x000001fb8f870000, 0x000001fb96a20000]
CodeHeap 'non-nmethods': size=7488Kb used=3055Kb max_used=3109Kb free=4432Kb
 bounds [0x000001fb96a20000, 0x000001fb96d30000, 0x000001fb97170000]
 total_blobs=1844 nmethods=1381 adapters=362
 compilation: enabled
              stopped_count=0, restarted_count=0
 full_count=0

Compilation events (20 events):
Event: 0.488 Thread 0x000001fba7962960 nmethod 1267 0x000001fb8f832490 code [0x000001fb8f832620, 0x000001fb8f832738]
Event: 0.491 Thread 0x000001fbed6d08c0 nmethod 1258 0x000001fb971d1910 code [0x000001fb971d1be0, 0x000001fb971d2980]
Event: 0.492 Thread 0x000001fba799ce40 1268       3       java.io.WinNTFileSystem::isSlash (18 bytes)
Event: 0.492 Thread 0x000001fba799ce40 nmethod 1268 0x000001fb8f832810 code [0x000001fb8f8329c0, 0x000001fb8f832b60]
Event: 0.493 Thread 0x000001fba799ce40 1269       3       sun.nio.cs.StreamDecoder::implRead (232 bytes)
Event: 0.494 Thread 0x000001fba799ce40 nmethod 1269 0x000001fb8f832c10 code [0x000001fb8f832ec0, 0x000001fb8f833be8]
Event: 0.495 Thread 0x000001fba7962960 1271       3       java.lang.Character::codePointAt (51 bytes)
Event: 0.495 Thread 0x000001fbed6d08c0 1266       4       org.codehaus.plexus.util.xml.pull.MXParser::parseEndTag (438 bytes)
Event: 0.496 Thread 0x000001fba7962960 nmethod 1271 0x000001fb8f834090 code [0x000001fb8f8342a0, 0x000001fb8f834910]
Event: 0.502 Thread 0x000001fba799ce40 1272       3       java.util.ArrayList$Itr::<init> (26 bytes)
Event: 0.502 Thread 0x000001fba72d2840 1274       3       java.util.ArrayList::iterator (9 bytes)
Event: 0.502 Thread 0x000001fba799ce40 nmethod 1272 0x000001fb8f834b10 code [0x000001fb8f834cc0, 0x000001fb8f834ea0]
Event: 0.502 Thread 0x000001fba7962960 1275       3       java.util.LinkedHashMap$LinkedHashIterator::nextNode (68 bytes)
Event: 0.503 Thread 0x000001fba72d2840 nmethod 1274 0x000001fb8f834f90 code [0x000001fb8f835140, 0x000001fb8f8353e0]
Event: 0.503 Thread 0x000001fba799ce40 1276       3       jdk.internal.org.objectweb.asm.SymbolTable::addTypeInternal (85 bytes)
Event: 0.503 Thread 0x000001fba73cad00 1277       3       jdk.internal.org.objectweb.asm.MethodVisitor::<init> (78 bytes)
Event: 0.503 Thread 0x000001fba7962960 nmethod 1275 0x000001fb8f835510 code [0x000001fb8f835700, 0x000001fb8f835b18]
Event: 0.503 Thread 0x000001fba799ce40 nmethod 1276 0x000001fb8f835c90 code [0x000001fb8f835e80, 0x000001fb8f8364c8]
Event: 0.504 Thread 0x000001fba73cad00 nmethod 1277 0x000001fb8f836690 code [0x000001fb8f8368c0, 0x000001fb8f837088]
Event: 0.505 Thread 0x000001fba799ce40 1278       3       java.lang.reflect.Executable::<init> (5 bytes)

GC Heap History (2 events):
Event: 0.425 GC heap before
{Heap before GC invocations=0 (full 0):
 garbage-first heap   total 258048K, used 22528K [0x0000000705e00000, 0x0000000800000000)
  region size 2048K, 11 young (22528K), 0 survivors (0K)
 Metaspace       used 5600K, committed 5824K, reserved 1114112K
  class space    used 634K, committed 768K, reserved 1048576K
}
Event: 0.428 GC heap after
{Heap after GC invocations=1 (full 0):
 garbage-first heap   total 258048K, used 3924K [0x0000000705e00000, 0x0000000800000000)
  region size 2048K, 2 young (4096K), 2 survivors (4096K)
 Metaspace       used 5600K, committed 5824K, reserved 1114112K
  class space    used 634K, committed 768K, reserved 1048576K
}

Dll operation events (8 events):
Event: 0.007 Loaded shared library C:\Program Files\Java\jdk-21.0.11\bin\java.dll
Event: 0.033 Loaded shared library C:\Program Files\Java\jdk-21.0.11\bin\jsvml.dll
Event: 0.046 Loaded shared library C:\Program Files\Java\jdk-21.0.11\bin\net.dll
Event: 0.048 Loaded shared library C:\Program Files\Java\jdk-21.0.11\bin\nio.dll
Event: 0.050 Loaded shared library C:\Program Files\Java\jdk-21.0.11\bin\zip.dll
Event: 0.146 Loaded shared library C:\Program Files\Java\jdk-21.0.11\bin\jimage.dll
Event: 0.147 Loaded shared library C:\Program Files\Maven\apache-maven-3.9.15\lib\jansi-native\Windows\x86_64\jansi.dll
Event: 0.154 Loaded shared library C:\Program Files\Java\jdk-21.0.11\bin\verify.dll

Deoptimization events (20 events):
Event: 0.437 Thread 0x000001fb84d527a0 Uncommon trap: trap_request=0xffffffde fr.pc=0x000001fb971aff04 relative=0x00000000000006c4
Event: 0.438 Thread 0x000001fb84d527a0 Uncommon trap: reason=class_check action=maybe_recompile pc=0x000001fb971aff04 method=java.util.regex.Matcher.search(I)Z @ 121 c2
Event: 0.438 Thread 0x000001fb84d527a0 DEOPT PACKING pc=0x000001fb971aff04 sp=0x0000001f118fdfa0
Event: 0.438 Thread 0x000001fb84d527a0 DEOPT UNPACKING pc=0x000001fb96a746a2 sp=0x0000001f118fdf70 mode 2
Event: 0.487 Thread 0x000001fb84d527a0 Uncommon trap: trap_request=0xffffff45 fr.pc=0x000001fb971ceca4 relative=0x00000000000008a4
Event: 0.487 Thread 0x000001fb84d527a0 Uncommon trap: reason=unstable_if action=reinterpret pc=0x000001fb971ceca4 method=sun.nio.cs.StreamDecoder.implRead([CII)I @ 186 c2
Event: 0.487 Thread 0x000001fb84d527a0 DEOPT PACKING pc=0x000001fb971ceca4 sp=0x0000001f118fd940
Event: 0.487 Thread 0x000001fb84d527a0 DEOPT UNPACKING pc=0x000001fb96a746a2 sp=0x0000001f118fd900 mode 2
Event: 0.492 Thread 0x000001fb84d527a0 Uncommon trap: trap_request=0xffffff45 fr.pc=0x000001fb971d2744 relative=0x0000000000000b64
Event: 0.492 Thread 0x000001fb84d527a0 Uncommon trap: reason=unstable_if action=reinterpret pc=0x000001fb971d2744 method=org.codehaus.plexus.util.xml.pull.MXParser.nextImpl()I @ 241 c2
Event: 0.492 Thread 0x000001fb84d527a0 DEOPT PACKING pc=0x000001fb971d2744 sp=0x0000001f118fe2e0
Event: 0.492 Thread 0x000001fb84d527a0 DEOPT UNPACKING pc=0x000001fb96a746a2 sp=0x0000001f118fe270 mode 2
Event: 0.493 Thread 0x000001fb84d527a0 Uncommon trap: trap_request=0xffffffde fr.pc=0x000001fb971aff04 relative=0x00000000000006c4
Event: 0.493 Thread 0x000001fb84d527a0 Uncommon trap: reason=class_check action=maybe_recompile pc=0x000001fb971aff04 method=java.util.regex.Matcher.search(I)Z @ 121 c2
Event: 0.493 Thread 0x000001fb84d527a0 DEOPT PACKING pc=0x000001fb971aff04 sp=0x0000001f118fdfa0
Event: 0.493 Thread 0x000001fb84d527a0 DEOPT UNPACKING pc=0x000001fb96a746a2 sp=0x0000001f118fdf70 mode 2
Event: 0.495 Thread 0x000001fb84d527a0 Uncommon trap: trap_request=0xffffffde fr.pc=0x000001fb971aff04 relative=0x00000000000006c4
Event: 0.495 Thread 0x000001fb84d527a0 Uncommon trap: reason=class_check action=maybe_recompile pc=0x000001fb971aff04 method=java.util.regex.Matcher.search(I)Z @ 121 c2
Event: 0.495 Thread 0x000001fb84d527a0 DEOPT PACKING pc=0x000001fb971aff04 sp=0x0000001f118fdfa0
Event: 0.495 Thread 0x000001fb84d527a0 DEOPT UNPACKING pc=0x000001fb96a746a2 sp=0x0000001f118fdf70 mode 2

Classes loaded (20 events):
Event: 0.390 Loading class java/util/concurrent/TimeoutException
Event: 0.390 Loading class java/util/concurrent/TimeoutException done
Event: 0.390 Loading class java/util/concurrent/CancellationException
Event: 0.390 Loading class java/util/concurrent/CancellationException done
Event: 0.395 Loading class java/lang/reflect/ParameterizedType
Event: 0.395 Loading class java/lang/reflect/ParameterizedType done
Event: 0.397 Loading class java/lang/reflect/WildcardType
Event: 0.397 Loading class java/lang/reflect/WildcardType done
Event: 0.399 Loading class sun/reflect/generics/tree/TypeVariableSignature
Event: 0.399 Loading class sun/reflect/generics/tree/TypeVariableSignature done
Event: 0.410 Loading class java/lang/annotation/IncompleteAnnotationException
Event: 0.410 Loading class java/lang/annotation/IncompleteAnnotationException done
Event: 0.428 Loading class java/lang/foreign/MemorySegment
Event: 0.428 Loading class java/lang/foreign/MemorySegment done
Event: 0.495 Loading class sun/reflect/generics/reflectiveObjects/TypeVariableImpl
Event: 0.496 Loading class sun/reflect/generics/reflectiveObjects/LazyReflectiveObjectGenerator
Event: 0.496 Loading class sun/reflect/generics/reflectiveObjects/LazyReflectiveObjectGenerator done
Event: 0.496 Loading class sun/reflect/generics/reflectiveObjects/TypeVariableImpl done
Event: 0.496 Loading class sun/reflect/generics/reflectiveObjects/ParameterizedTypeImpl
Event: 0.496 Loading class sun/reflect/generics/reflectiveObjects/ParameterizedTypeImpl done

Classes unloaded (0 events):
No events

Classes redefined (0 events):
No events

Internal exceptions (20 events):
Event: 0.153 Thread 0x000001fb84d527a0 Exception <a 'sun/nio/fs/WindowsException'{0x00000007152b86e8}> (0x00000007152b86e8) 
thrown [s\open\src\hotspot\share\prims\jni.cpp, line 520]
Event: 0.153 Thread 0x000001fb84d527a0 Exception <a 'sun/nio/fs/WindowsException'{0x00000007152b8e08}> (0x00000007152b8e08) 
thrown [s\open\src\hotspot\share\prims\jni.cpp, line 520]
Event: 0.153 Thread 0x000001fb84d527a0 Exception <a 'sun/nio/fs/WindowsException'{0x00000007152b9308}> (0x00000007152b9308) 
thrown [s\open\src\hotspot\share\prims\jni.cpp, line 520]
Event: 0.153 Thread 0x000001fb84d527a0 Exception <a 'sun/nio/fs/WindowsException'{0x00000007152b97c8}> (0x00000007152b97c8) 
thrown [s\open\src\hotspot\share\prims\jni.cpp, line 520]
Event: 0.160 Thread 0x000001fb84d527a0 Exception <a 'java/lang/NoSuchMethodError'{0x00000007152fd0f0}: 'void java.lang.invoke.DirectMethodHandle$Holder.invokeVirtual(java.lang.Object, java.lang.Object)'> (0x00000007152fd0f0) 
thrown [s\open\src\hotspot\share\interpreter\linkResolver.cpp, line 773]
Event: 0.162 Thread 0x000001fb84d527a0 Exception <a 'java/lang/NoSuchMethodError'{0x0000000715318fb0}: 'void java.lang.invoke.DirectMethodHandle$Holder.invokeStatic(java.lang.Object, java.lang.Object)'> (0x0000000715318fb0) 
thrown [s\open\src\hotspot\share\interpreter\linkResolver.cpp, line 773]
Event: 0.162 Thread 0x000001fb84d527a0 Exception <a 'java/lang/NoSuchMethodError'{0x000000071531c078}: 'void java.lang.invoke.DirectMethodHandle$Holder.invokeStaticInit(java.lang.Object, java.lang.Object)'> (0x000000071531c078) 
thrown [s\open\src\hotspot\share\interpreter\linkResolver.cpp, line 773]
Event: 0.166 Thread 0x000001fb84d527a0 Exception <a 'java/lang/NoSuchMethodError'{0x000000071533fdc8}: 'void java.lang.invoke.DirectMethodHandle$Holder.invokeSpecial(java.lang.Object, java.lang.Object, java.lang.Object, java.lang.Object, java.lang.Object)'> (0x000000071533fdc8) 
thrown [s\open\src\hotspot\share\interpreter\linkResolver.cpp, line 773]
Event: 0.173 Thread 0x000001fb84d527a0 Exception <a 'java/lang/NoSuchMethodError'{0x000000071537f2e8}: 'void java.lang.invoke.DirectMethodHandle$Holder.invokeStatic(java.lang.Object, java.lang.Object, java.lang.Object)'> (0x000000071537f2e8) 
thrown [s\open\src\hotspot\share\interpreter\linkResolver.cpp, line 773]
Event: 0.194 Thread 0x000001fb84d527a0 Exception <a 'java/lang/NullPointerException'{0x0000000715022cc0}> (0x0000000715022cc0) 
thrown [s\open\src\hotspot\share\interpreter\linkResolver.cpp, line 1372]
Event: 0.194 Thread 0x000001fb84d527a0 Exception <a 'java/lang/NullPointerException'{0x0000000715029520}> (0x0000000715029520) 
thrown [s\open\src\hotspot\share\interpreter\linkResolver.cpp, line 1372]
Event: 0.215 Thread 0x000001fb84d527a0 Exception <a 'java/lang/NoSuchMethodError'{0x000000071510a188}: 'java.lang.Object java.lang.invoke.DirectMethodHandle$Holder.invokeSpecialIFC(java.lang.Object, java.lang.Object, java.lang.Object, java.lang.Object)'> (0x000000071510a188) 
thrown [s\open\src\hotspot\share\interpreter\linkResolver.cpp, line 773]
Event: 0.322 Thread 0x000001fb84d527a0 Exception <a 'java/lang/NoSuchMethodError'{0x0000000714bb6620}: 'void java.lang.invoke.DirectMethodHandle$Holder.invokeSpecial(java.lang.Object, java.lang.Object, java.lang.Object)'> (0x0000000714bb6620) 
thrown [s\open\src\hotspot\share\interpreter\linkResolver.cpp, line 773]
Event: 0.343 Thread 0x000001fb84d527a0 Exception <a 'java/lang/NoSuchMethodError'{0x00000007149107e8}: 'java.lang.Object java.lang.invoke.DirectMethodHandle$Holder.invokeInterface(java.lang.Object, java.lang.Object)'> (0x00000007149107e8) 
thrown [s\open\src\hotspot\share\interpreter\linkResolver.cpp, line 773]
Event: 0.355 Thread 0x000001fb84d527a0 Exception <a 'java/lang/NoSuchMethodError'{0x00000007149b1838}: 'int java.lang.invoke.DirectMethodHandle$Holder.invokeStatic(java.lang.Object, java.lang.Object, java.lang.Object, java.lang.Object)'> (0x00000007149b1838) 
thrown [s\open\src\hotspot\share\interpreter\linkResolver.cpp, line 773]
Event: 0.356 Thread 0x000001fb84d527a0 Exception <a 'java/lang/NoSuchMethodError'{0x00000007149b4ec8}: 'java.lang.Object java.lang.invoke.Invokers$Holder.invokeExact_MT(java.lang.Object, java.lang.Object, java.lang.Object, java.lang.Object, java.lang.Object, java.lang.Object)'> (0x00000007149b4ec8) 
thrown [s\open\src\hotspot\share\interpreter\linkResolver.cpp, line 773]
Event: 0.357 Thread 0x000001fb84d527a0 Exception <a 'java/lang/NoSuchMethodError'{0x00000007149c3a18}: 'int java.lang.invoke.DirectMethodHandle$Holder.invokeSpecialIFC(java.lang.Object, java.lang.Object, java.lang.Object, java.lang.Object, java.lang.Object)'> (0x00000007149c3a18) 
thrown [s\open\src\hotspot\share\interpreter\linkResolver.cpp, line 773]
Event: 0.384 Thread 0x000001fb84d527a0 Exception <a 'java/lang/NoSuchMethodError'{0x0000000714762d48}: 'java.lang.Object java.lang.invoke.DirectMethodHandle$Holder.newInvokeSpecial(java.lang.Object, java.lang.Object, java.lang.Object, java.lang.Object, java.lang.Object)'> (0x0000000714762d48) 
thrown [s\open\src\hotspot\share\interpreter\linkResolver.cpp, line 773]
Event: 0.404 Thread 0x000001fb84d527a0 Exception <a 'java/lang/NoSuchMethodError'{0x0000000714480db8}: 'int java.lang.invoke.DirectMethodHandle$Holder.invokeStaticInit(java.lang.Object, java.lang.Object)'> (0x0000000714480db8) 
thrown [s\open\src\hotspot\share\interpreter\linkResolver.cpp, line 773]
Event: 0.410 Thread 0x000001fb84d527a0 Exception <a 'java/lang/NoClassDefFoundError'{0x00000007144b8c08}: javax/enterprise/inject/Typed> (0x00000007144b8c08) 
thrown [s\open\src\hotspot\share\classfile\systemDictionary.cpp, line 302]

ZGC Phase Switch (0 events):
No events

VM Operations (10 events):
Event: 0.051 Executing VM operation: HandshakeAllThreads (Deoptimize)
Event: 0.051 Executing VM operation: HandshakeAllThreads (Deoptimize) done
Event: 0.141 Executing VM operation: HandshakeAllThreads (Deoptimize)
Event: 0.141 Executing VM operation: HandshakeAllThreads (Deoptimize) done
Event: 0.148 Executing VM operation: HandshakeAllThreads (Deoptimize)
Event: 0.148 Executing VM operation: HandshakeAllThreads (Deoptimize) done
Event: 0.424 Executing VM operation: ICBufferFull
Event: 0.424 Executing VM operation: ICBufferFull done
Event: 0.425 Executing VM operation: G1CollectForAllocation (G1 Evacuation Pause)
Event: 0.428 Executing VM operation: G1CollectForAllocation (G1 Evacuation Pause) done

Events (20 events):
Event: 0.031 Thread 0x000001fba6d6f090 Thread added: 0x000001fba6d6f090
Event: 0.031 Thread 0x000001fba6d6faf0 Thread added: 0x000001fba6d6faf0
Event: 0.031 Thread 0x000001fba6d70680 Thread added: 0x000001fba6d70680
Event: 0.031 Thread 0x000001fba6d79350 Thread added: 0x000001fba6d79350
Event: 0.032 Thread 0x000001fba6d7c370 Thread added: 0x000001fba6d7c370
Event: 0.032 Thread 0x000001fba72d2840 Thread added: 0x000001fba72d2840
Event: 0.035 Thread 0x000001fba73cad00 Thread added: 0x000001fba73cad00
Event: 0.041 Thread 0x000001fba74d54f0 Thread added: 0x000001fba74d54f0
Event: 0.043 Thread 0x000001fba74d8140 Thread added: 0x000001fba74d8140
Event: 0.144 Thread 0x000001fba78aac80 Thread added: 0x000001fba78aac80
Event: 0.155 Thread 0x000001fba78aac80 Thread exited: 0x000001fba78aac80
Event: 0.231 Thread 0x000001fba7962960 Thread added: 0x000001fba7962960
Event: 0.232 Thread 0x000001fba799ce40 Thread added: 0x000001fba799ce40
Event: 0.238 Thread 0x000001fba795d120 Thread added: 0x000001fba795d120
Event: 0.242 Thread 0x000001fba7a1b460 Thread added: 0x000001fba7a1b460
Event: 0.431 Thread 0x000001fbed42eb30 Thread added: 0x000001fbed42eb30
Event: 0.431 Thread 0x000001fbed47fd20 Thread added: 0x000001fbed47fd20
Event: 0.436 Thread 0x000001fbed839c40 Thread added: 0x000001fbed839c40
Event: 0.436 Thread 0x000001fbed6d08c0 Thread added: 0x000001fbed6d08c0
Event: 0.436 Thread 0x000001fbed6cfb20 Thread added: 0x000001fbed6cfb20


Dynamic libraries:
0x00007ff79e2a0000 - 0x00007ff79e2b0000 	C:\Program Files\Java\jdk-21.0.11\bin\java.exe
0x00007ffc77a80000 - 0x00007ffc77ce7000 	C:\WINDOWS\SYSTEM32\ntdll.dll
0x00007ffc76060000 - 0x00007ffc76129000 	C:\WINDOWS\System32\KERNEL32.DLL
0x00007ffc744e0000 - 0x00007ffc748d7000 	C:\WINDOWS\System32\KERNELBASE.dll
0x00007ffc748e0000 - 0x00007ffc74a2b000 	C:\WINDOWS\System32\ucrtbase.dll
0x00007ffc6bdc0000 - 0x00007ffc6bdd9000 	C:\Program Files\Java\jdk-21.0.11\bin\jli.dll
0x00007ffc34f30000 - 0x00007ffc34f4e000 	C:\Program Files\Java\jdk-21.0.11\bin\VCRUNTIME140.dll
0x00007ffc76c90000 - 0x00007ffc76d46000 	C:\WINDOWS\System32\ADVAPI32.dll
0x00007ffc75b40000 - 0x00007ffc75be9000 	C:\WINDOWS\System32\msvcrt.dll
0x00007ffc75fb0000 - 0x00007ffc76057000 	C:\WINDOWS\System32\sechost.dll
0x00007ffc778a0000 - 0x00007ffc779b8000 	C:\WINDOWS\System32\RPCRT4.dll
0x00007ffc766c0000 - 0x00007ffc76886000 	C:\WINDOWS\System32\USER32.dll
0x00007ffc744b0000 - 0x00007ffc744d7000 	C:\WINDOWS\System32\win32u.dll
0x00007ffc57d70000 - 0x00007ffc58002000 	C:\WINDOWS\WinSxS\amd64_microsoft.windows.common-controls_6595b64144ccf1df_6.0.26100.8457_none_3e0b2faee331e92d\COMCTL32.dll
0x00007ffc76b70000 - 0x00007ffc76b9b000 	C:\WINDOWS\System32\GDI32.dll
0x00007ffc752a0000 - 0x00007ffc753cc000 	C:\WINDOWS\System32\gdi32full.dll
0x00007ffc75750000 - 0x00007ffc757f3000 	C:\WINDOWS\System32\msvcp_win.dll
0x00007ffc6a2a0000 - 0x00007ffc6a2ab000 	C:\WINDOWS\SYSTEM32\VERSION.dll
0x00007ffc75800000 - 0x00007ffc75832000 	C:\WINDOWS\System32\IMM32.DLL
0x00007ffc345a0000 - 0x00007ffc345ac000 	C:\Program Files\Java\jdk-21.0.11\bin\vcruntime140_1.dll
0x00007ffc062f0000 - 0x00007ffc0637d000 	C:\Program Files\Java\jdk-21.0.11\bin\msvcp140.dll
0x00007ffb9f190000 - 0x00007ffb9feb8000 	C:\Program Files\Java\jdk-21.0.11\bin\server\jvm.dll
0x00007ffc76a10000 - 0x00007ffc76a90000 	C:\WINDOWS\System32\WS2_32.dll
0x00007ffc73080000 - 0x00007ffc730de000 	C:\WINDOWS\SYSTEM32\POWRPROF.dll
0x00007ffc69120000 - 0x00007ffc69156000 	C:\WINDOWS\SYSTEM32\WINMM.dll
0x00007ffc73060000 - 0x00007ffc73074000 	C:\WINDOWS\SYSTEM32\UMPDC.dll
0x00007ffc73330000 - 0x00007ffc7334b000 	C:\WINDOWS\SYSTEM32\kernel.appcore.dll
0x00007ffc34590000 - 0x00007ffc3459a000 	C:\Program Files\Java\jdk-21.0.11\bin\jimage.dll
0x00007ffc71e60000 - 0x00007ffc720a2000 	C:\WINDOWS\SYSTEM32\DBGHELP.DLL
0x00007ffc75bf0000 - 0x00007ffc75f73000 	C:\WINDOWS\System32\combase.dll
0x00007ffc75950000 - 0x00007ffc75a29000 	C:\WINDOWS\System32\OLEAUT32.dll
0x00007ffc58050000 - 0x00007ffc5808b000 	C:\WINDOWS\SYSTEM32\dbgcore.DLL
0x00007ffc755e0000 - 0x00007ffc75688000 	C:\WINDOWS\System32\bcryptPrimitives.dll
0x00007ffc062c0000 - 0x00007ffc062e1000 	C:\Program Files\Java\jdk-21.0.11\bin\java.dll
0x00007ffc76f30000 - 0x00007ffc7769e000 	C:\WINDOWS\System32\SHELL32.dll
0x00007ffc74a30000 - 0x00007ffc7529c000 	C:\WINDOWS\System32\windows.storage.dll
0x00007ffc76130000 - 0x00007ffc76226000 	C:\WINDOWS\System32\SHCORE.dll
0x00007ffc76c20000 - 0x00007ffc76c86000 	C:\WINDOWS\System32\shlwapi.dll
0x00007ffc743d0000 - 0x00007ffc743f9000 	C:\WINDOWS\SYSTEM32\profapi.dll
0x00007ffbf90b0000 - 0x00007ffbf9187000 	C:\Program Files\Java\jdk-21.0.11\bin\jsvml.dll
0x00007ffc344f0000 - 0x00007ffc34501000 	C:\Program Files\Java\jdk-21.0.11\bin\net.dll
0x00007ffc6d900000 - 0x00007ffc6da29000 	C:\WINDOWS\SYSTEM32\WINHTTP.dll
0x00007ffc738d0000 - 0x00007ffc7393c000 	C:\WINDOWS\system32\mswsock.dll
0x00007ffc20820000 - 0x00007ffc20836000 	C:\Program Files\Java\jdk-21.0.11\bin\nio.dll
0x00007ffc0df30000 - 0x00007ffc0df48000 	C:\Program Files\Java\jdk-21.0.11\bin\zip.dll
0x00007ffc05b40000 - 0x00007ffc05b64000 	C:\Program Files\Maven\apache-maven-3.9.15\lib\jansi-native\Windows\x86_64\jansi.dll
0x00007ffc34580000 - 0x00007ffc34590000 	C:\Program Files\Java\jdk-21.0.11\bin\verify.dll

dbghelp: loaded successfully - version: 4.0.5 - missing functions: none
symbol engine: initialized successfully - sym options: 0x614 - pdb path: .;C:\Program Files\Java\jdk-21.0.11\bin;C:\WINDOWS\SYSTEM32;C:\WINDOWS\WinSxS\amd64_microsoft.windows.common-controls_6595b64144ccf1df_6.0.26100.8457_none_3e0b2faee331e92d;C:\Program Files\Java\jdk-21.0.11\bin\server;C:\Program Files\Maven\apache-maven-3.9.15\lib\jansi-native\Windows\x86_64

VM Arguments:
jvm_args: --enable-native-access=ALL-UNNAMED -Dclassworlds.conf=C:\Program Files\Maven\apache-maven-3.9.15\bin\m2.conf -Dmaven.home=C:\Program Files\Maven\apache-maven-3.9.15 -Dlibrary.jansi.path=C:\Program Files\Maven\apache-maven-3.9.15\lib\jansi-native -Dmaven.multiModuleProjectDirectory=c:\CODE\retail-management-system 
java_command: org.codehaus.plexus.classworlds.launcher.Launcher -B -N -DgraphFormat=text -DshowDuplicates -DshowConflicts -DshowVersions -DshowGroupIds -DoutputDirectory=c:\Users\ADMIN\AppData\Roaming\Antigravity\User\workspaceStorage\bde2e350654fbbeda22271263d1e2a1c\vscjava.vscode-maven -DoutputFileName=d05c94bcfa92a7aa1b5565a9fc04602c.deps.txt com.github.ferstl:depgraph-maven-plugin:4.0.3:graph -f c:\CODE\retail-management-system\backend\pom.xml
java_class_path (initial): C:\Program Files\Maven\apache-maven-3.9.15\boot\plexus-classworlds-2.9.0.jar
Launcher Type: SUN_STANDARD

[Global flags]
     intx CICompilerCount                          = 12                                        {product} {ergonomic}
     uint ConcGCThreads                            = 4                                         {product} {ergonomic}
     uint G1ConcRefinementThreads                  = 15                                        {product} {ergonomic}
   size_t G1HeapRegionSize                         = 2097152                                   {product} {ergonomic}
    uintx GCDrainStackTargetSize                   = 64                                        {product} {ergonomic}
   size_t InitialHeapSize                          = 264241152                                 {product} {ergonomic}
   size_t MarkStackSize                            = 4194304                                   {product} {ergonomic}
   size_t MaxHeapSize                              = 4196401152                                {product} {ergonomic}
   size_t MaxNewSize                               = 2516582400                                {product} {ergonomic}
   size_t MinHeapDeltaBytes                        = 2097152                                   {product} {ergonomic}
   size_t MinHeapSize                              = 8388608                                   {product} {ergonomic}
    uintx NonNMethodCodeHeapSize                   = 7602480                                {pd product} {ergonomic}
    uintx NonProfiledCodeHeapSize                  = 122027880                              {pd product} {ergonomic}
    uintx ProfiledCodeHeapSize                     = 122027880                              {pd product} {ergonomic}
    uintx ReservedCodeCacheSize                    = 251658240                              {pd product} {ergonomic}
     bool SegmentedCodeCache                       = true                                      {product} {ergonomic}
   size_t SoftMaxHeapSize                          = 4196401152                             {manageable} {ergonomic}
     bool UseCompressedOops                        = true                           {product lp64_product} {ergonomic}
     bool UseG1GC                                  = true                                      {product} {ergonomic}
     bool UseLargePagesIndividualAllocation        = false                                  {pd product} {ergonomic}

Logging:
Log output configuration:
 #0: stdout all=warning uptime,level,tags foldmultilines=false
 #1: stderr all=off uptime,level,tags foldmultilines=false

Environment Variables:
JAVA_HOME=C:\Program Files\Java\jdk-21.0.11
PATH=C:\Program Files\Common Files\Oracle\Java\javapath;C:\ProgramData\Oracle\Java\javapath;C:\Windows\system32;C:\Windows;C:\Windows\System32\Wbem;C:\Windows\System32\WindowsPowerShell\v1.0\;C:\Windows\System32\OpenSSH\;C:\Program Files (x86)\NVIDIA Corporation\PhysX\Common;C:\Program Files\NVIDIA Corporation\NVIDIA NvDLISR;C:\Program Files\Microsoft SQL Server\150\Tools\Binn\;C:\Program Files\Microsoft SQL Server\Client SDK\ODBC\170\Tools\Binn\;C:\Program Files\dotnet\;C:\WINDOWS\system32;C:\WINDOWS;C:\WINDOWS\System32\Wbem;C:\WINDOWS\System32\WindowsPowerShell\v1.0\;C:\WINDOWS\System32\OpenSSH\;C:\Program Files (x86)\Microsoft SQL Server\160\Tools\Binn\;C:\Program Files\Microsoft SQL Server\160\Tools\Binn\;C:\Program Files\Microsoft SQL Server\160\DTS\Binn\;C:\Program Files\Azure Data Studio\bin;C:\Program Files (x86)\Microsoft SQL Server\160\DTS\Binn\;C:\Program Files\Java\jre1.8.0_51\bin;C:\Program Files\Git\cmd;C:\Program Files\Cloudflare\Cloudflare WARP\;C:\Program Files (x86)\Windows Kits\10\Windows Performance Toolkit\;C:\Program Files\PostgreSQL\17\bin;C:\Program Files\Docker\Docker\resources\bin;C:\Program Files\nodejs\;C:\Program Files\Go\bin;C:\Program Files\Maven\apache-maven-3.9.15\bin;C:\Users\ADMIN\AppData\Local\Microsoft\WindowsApps;C:\msys64\mingw64\bin;C:\Users\ADMIN\.dotnet\tools;C:\Program Files\Azure Data Studio\bin;C:\Users\ADMIN\AppData\Local\Programs\Microsoft VS Code\bin;C:\Users\ADMIN\AppData\Local\GitHubDesktop\bin;C:\Users\ADMIN\AppData\Local\Flutter_SDK\flutter\bin;C:\Users\ADMIN\AppData\Local\Dart_SDK\dart-sdk\bin;C:\Users\ADMIN\AppData\Roaming\npm;C:\Users\ADMIN\go\bin;C:\Users\ADMIN\AppData\Local\Programs\Antigravity\bin;
USERNAME=ADMIN
OS=Windows_NT
PROCESSOR_IDENTIFIER=Intel64 Family 6 Model 154 Stepping 3, GenuineIntel
TMP=C:\Users\ADMIN\AppData\Local\Temp
TEMP=C:\Users\ADMIN\AppData\Local\Temp




Periodic native trim disabled

---------------  S Y S T E M  ---------------

OS:
 Windows 11 , 64 bit Build 26100 (10.0.26100.8328)
OS uptime: 4 days 10:04 hours
Hyper-V role detected

CPU: total 20 (initial active 20) (10 cores per cpu, 2 threads per core) family 6 model 154 stepping 3 microcode 0x41c, cx8, cmov, fxsr, ht, mmx, 3dnowpref, sse, sse2, sse3, ssse3, sse4.1, sse4.2, popcnt, lzcnt, tsc, tscinvbit, avx, avx2, aes, erms, clmul, bmi1, bmi2, adx, sha, fma, vzeroupper, clflush, clflushopt, clwb, hv, serialize, rdtscp, rdpid, fsrm, f16c, cet_ibt, cet_ss
Processor Information for processor 0
  Max Mhz: 2300, Current Mhz: 2300, Mhz Limit: 2300
Processor Information for processor 1
  Max Mhz: 2300, Current Mhz: 2300, Mhz Limit: 2300
Processor Information for processor 2
  Max Mhz: 2300, Current Mhz: 2300, Mhz Limit: 2300
Processor Information for processor 3
  Max Mhz: 2300, Current Mhz: 2300, Mhz Limit: 2300
Processor Information for processor 4
  Max Mhz: 2300, Current Mhz: 2300, Mhz Limit: 2300
Processor Information for processor 5
  Max Mhz: 2300, Current Mhz: 2300, Mhz Limit: 2300
Processor Information for processor 6
  Max Mhz: 2300, Current Mhz: 2300, Mhz Limit: 2300
Processor Information for processor 7
  Max Mhz: 2300, Current Mhz: 2300, Mhz Limit: 2300
Processor Information for processor 8
  Max Mhz: 2300, Current Mhz: 2300, Mhz Limit: 2300
Processor Information for processor 9
  Max Mhz: 2300, Current Mhz: 2300, Mhz Limit: 2300
Processor Information for processor 10
  Max Mhz: 2300, Current Mhz: 2300, Mhz Limit: 2300
Processor Information for processor 11
  Max Mhz: 2300, Current Mhz: 2300, Mhz Limit: 2300
Processor Information for processor 12
  Max Mhz: 2300, Current Mhz: 1700, Mhz Limit: 1679
Processor Information for processor 13
  Max Mhz: 2300, Current Mhz: 1700, Mhz Limit: 1679
Processor Information for processor 14
  Max Mhz: 2300, Current Mhz: 1700, Mhz Limit: 1679
Processor Information for processor 15
  Max Mhz: 2300, Current Mhz: 1700, Mhz Limit: 1679
Processor Information for processor 16
  Max Mhz: 2300, Current Mhz: 1700, Mhz Limit: 1679
Processor Information for processor 17
  Max Mhz: 2300, Current Mhz: 1700, Mhz Limit: 1679
Processor Information for processor 18
  Max Mhz: 2300, Current Mhz: 1700, Mhz Limit: 1679
Processor Information for processor 19
  Max Mhz: 2300, Current Mhz: 1700, Mhz Limit: 1679

Memory: 4k page, system-wide physical 16005M (1893M free)
TotalPageFile size 28050M (AvailPageFile size 9M)
current process WorkingSet (physical memory assigned to process): 117M, peak: 123M
current process commit charge ("private bytes"): 404M, peak: 410M

vm_info: Java HotSpot(TM) 64-Bit Server VM (21.0.11+9-LTS-211) for windows-amd64 JRE (21.0.11+9-LTS-211), built on 2026-03-11T00:23:15Z by "mach5run" with MS VC++ 17.13 (VS2022)

END.
